E:\books\C++多核高级编程中文高清版.pdf
clt msg size:27
clt msg     :E:\books\C++多核高级编程中文高清版.pdf
splitdata size:1
single:E:\books\C++多核高级编程中文高清版.pdf
Not Cmd step
cret:2,showtext:ret:2[ERROR_FILE_NOT_FOUND] E:\books\C++多核高级编程中文高清版.pdf 

prepare to close socket!!
E:\books\C++多核高级编程中文高清版.pdf
clt msg size:27
clt msg     :E:\books\C++多核高级编程中文高清版.pdf
splitdata size:1
single:E:\books\C++多核高级编程中文高清版.pdf
Not Cmd step
cret:2,showtext:ret:2[ERROR_FILE_NOT_FOUND] E:\books\C++多核高级编程中文高清版.pdf 

prepare to close socket!!
E:\books\C++多核高级编程中文高清版.pdf
clt msg size:27
clt msg     :E:\books\C++多核高级编程中文高清版.pdf
splitdata size:1
single:E:\books\C++多核高级编程中文高清版.pdf
Not Cmd step
cret:2,showtext:ret:2[ERROR_FILE_NOT_FOUND] E:\books\C++多核高级编程中文高清版.pdf 

prepare to close socket!!
E:\books\C++多核高级编程中文高清版.pdf
clt msg size:27
clt msg     :E:\books\C++多核高级编程中文高清版.pdf
splitdata size:1
single:E:\books\C++多核高级编程中文高清版.pdf
Not Cmd step
cret:2,showtext:ret:2[ERROR_FILE_NOT_FOUND] E:\books\C++多核高级编程中文高清版.pdf 

prepare to close socket!!
E:\books\C++多核高级编程中文高清版.pdf
clt msg size:27
clt msg     :E:\books\C++多核高级编程中文高清版.pdf
splitdata size:1
single:E:\books\C++多核高级编程中文高清版.pdf
Not Cmd step
cret:2,showtext:ret:2[ERROR_FILE_NOT_FOUND] E:\books\C++多核高级编程中文高清版.pdf 

prepare to close socket!!
E:\books\C++多核高级编程中文高清版.pdf
clt msg size:27
clt msg     :E:\books\C++多核高级编程中文高清版.pdf
splitdata size:1
single:E:\books\C++多核高级编程中文高清版.pdf
Not Cmd step
cret:2,showtext:ret:2[ERROR_FILE_NOT_FOUND] E:\books\C++多核高级编程中文高清版.pdf 

prepare to close socket!!
中
clt msg size:1
clt msg     :中
splitdata size:1
single:中
Not Cmd step
cret:2,showtext:ret:2[ERROR_FILE_NOT_FOUND] 中 

prepare to close socket!!
中
clt msg size:1
clt msg     :中
splitdata size:1
single:中
Not Cmd step
cret:2,showtext:ret:2[ERROR_FILE_NOT_FOUND] 中 

prepare to close socket!!
中
clt msg size:1
clt msg     :中
splitdata size:1
single:中
Not Cmd step
cret:2,showtext:ret:2[ERROR_FILE_NOT_FOUND] 中 

prepare to close socket!!
中
clt msg size:1
clt msg     :中
splitdata size:1
single:中
Not Cmd step
cret:2,showtext:ret:2[ERROR_FILE_NOT_FOUND] 中 

prepare to close socket!!
中
clt msg size:1
clt msg     :中
splitdata size:1
single:中
Not Cmd step
cret:2,showtext:ret:2[ERROR_FILE_NOT_FOUND] 中 

prepare to close socket!!
中
clt msg size:1
clt msg     :中
splitdata size:1
single:中
Not Cmd step
cret:2,showtext:ret:2[ERROR_FILE_NOT_FOUND] 中 

prepare to close socket!!
中
clt msg size:1
clt msg     :中
splitdata size:1
single:中
Not Cmd step
cret:2,showtext:ret:2[ERROR_FILE_NOT_FOUND] 中 

prepare to close socket!!
中
clt msg size:1
clt msg     :中
splitdata size:1
single:中
Not Cmd step
cret:2,showtext:ret:2[ERROR_FILE_NOT_FOUND] 中 

prepare to close socket!!
中
clt msg size:1
clt msg     :中
splitdata size:1
single:中
Not Cmd step
cret:2,showtext:ret:2[ERROR_FILE_NOT_FOUND] 中 

prepare to close socket!!
E:\books\[别说你懂Excel：500招玩转Excel表格与数据处理].前沿文化.扫描版[www.ed2kers.com].pdf
clt msg size:69
clt msg     :E:\books\[别说你懂Excel：500招玩转Excel表格与数据处理].前沿文化.扫描版[www.ed2kers.com].pdf
splitdata size:1
single:E:\books\[别说你懂Excel：500招玩转Excel表格与数据处理].前沿文化.扫描版[www.ed2kers.com].pdf
Not Cmd step
cret:42,showtext:ret:42[ok] E:\books\[别说你懂Excel：500招玩转Excel表格与数据处理].前沿文化.扫描版[www.ed2kers.com].pdf 

prepare to close socket!!
E:\books\[别说你懂Excel：500招玩转Excel表格与数据处理].前沿文化.扫描版[www.ed2kers.com].pdf
clt msg size:69
clt msg     :E:\books\[别说你懂Excel：500招玩转Excel表格与数据处理].前沿文化.扫描版[www.ed2kers.com].pdf
splitdata size:1
single:E:\books\[别说你懂Excel：500招玩转Excel表格与数据处理].前沿文化.扫描版[www.ed2kers.com].pdf
Not Cmd step
cret:2,showtext:ret:2[ERROR_FILE_NOT_FOUND] E:\books\[别说你懂Excel：500招玩转Excel表格与数据处理].前沿文化.扫描版[www.ed2kers.com].pdf 

prepare to close socket!!
E:\books\[别说你懂Excel：500招玩转Excel表格与数据处理].前沿文化.扫描版[www.ed2kers.com].pdf
clt msg size:69
clt msg     :E:\books\[别说你懂Excel：500招玩转Excel表格与数据处理].前沿文化.扫描版[www.ed2kers.com].pdf
splitdata size:1
single:E:\books\[别说你懂Excel：500招玩转Excel表格与数据处理].前沿文化.扫描版[www.ed2kers.com].pdf
Not Cmd step
cret:42,showtext:ret:42[ok] E:\books\[别说你懂Excel：500招玩转Excel表格与数据处理].前沿文化.扫描版[www.ed2kers.com].pdf 

prepare to close socket!!
E:\books\[别说你懂Excel：500招玩转Excel表格与数据处理].前沿文化.扫描版[www.ed2kers.com].pdf
clt msg size:69
clt msg     :E:\books\[别说你懂Excel：500招玩转Excel表格与数据处理].前沿文化.扫描版[www.ed2kers.com].pdf
splitdata size:1
single:E:\books\[别说你懂Excel：500招玩转Excel表格与数据处理].前沿文化.扫描版[www.ed2kers.com].pdf
Not Cmd step
cret:42,showtext:ret:42[ok] E:\books\[别说你懂Excel：500招玩转Excel表格与数据处理].前沿文化.扫描版[www.ed2kers.com].pdf 

prepare to close socket!!
E:\books\[别说你懂Excel：500招玩转Excel表格与数据处理].前沿文化.扫描版[www.ed2kers.com].pdf
clt msg size:69
clt msg     :E:\books\[别说你懂Excel：500招玩转Excel表格与数据处理].前沿文化.扫描版[www.ed2kers.com].pdf
splitdata size:1
single:E:\books\[别说你懂Excel：500招玩转Excel表格与数据处理].前沿文化.扫描版[www.ed2kers.com].pdf
Not Cmd step
cret:42,showtext:ret:42[ok] E:\books\[别说你懂Excel：500招玩转Excel表格与数据处理].前沿文化.扫描版[www.ed2kers.com].pdf 

prepare to close socket!!
E:\books\[别说你懂Excel：500招玩转Excel表格与数据处理].前沿文化.扫描版[www.ed2kers.com].pdf
clt msg size:69
clt msg     :E:\books\[别说你懂Excel：500招玩转Excel表格与数据处理].前沿文化.扫描版[www.ed2kers.com].pdf
splitdata size:1
single:E:\books\[别说你懂Excel：500招玩转Excel表格与数据处理].前沿文化.扫描版[www.ed2kers.com].pdf
Not Cmd step
cret:42,showtext:ret:42[ok] E:\books\[别说你懂Excel：500招玩转Excel表格与数据处理].前沿文化.扫描版[www.ed2kers.com].pdf 

prepare to close socket!!
E:\books\[别说你懂Excel：500招玩转Excel表格与数据处理].前沿文化.扫描版[www.ed2kers.com].pdf
clt msg size:69
clt msg     :E:\books\[别说你懂Excel：500招玩转Excel表格与数据处理].前沿文化.扫描版[www.ed2kers.com].pdf
splitdata size:1
single:E:\books\[别说你懂Excel：500招玩转Excel表格与数据处理].前沿文化.扫描版[www.ed2kers.com].pdf
Not Cmd step
cret:2,showtext:ret:2[ERROR_FILE_NOT_FOUND] E:\books\[别说你懂Excel：500招玩转Excel表格与数据处理].前沿文化.扫描版[www.ed2kers.com].pdf 

prepare to close socket!!
中
clt msg size:1
clt msg     :中
splitdata size:1
single:中
Not Cmd step
cret:2,showtext:ret:2[ERROR_FILE_NOT_FOUND] 中 

prepare to close socket!!
中
clt msg size:1
clt msg     :中
splitdata size:1
single:中
Not Cmd step
cret:2,showtext:ret:2[ERROR_FILE_NOT_FOUND] 中 

prepare to close socket!!
